# JRE version: OpenJDK Runtime Environment Temurin-17.0.1+12 (17.0.1+12) (build 17.0.1+12)
# Java VM: OpenJDK 64-Bit Server VM Temurin-17.0.1+12 (17.0.1+12, mixed mode, emulated-client, tiered, compressed oops, compressed class ptrs, g1 gc, windows-amd64)
GC Precious Log:
 CPUs: 4 total, 4 available
 Memory: 4061M
 Large Page Support: Disabled
 NUMA Support: Disabled
 Compressed Oops: Enabled (32-bit)
 Heap Region Size: 1M
 Heap Min Capacity: 8M
 Heap Initial Capacity: 64M
 Heap Max Capacity: 1016M
 Pre-touch: Disabled
 Parallel Workers: 4
 Concurrent Workers: 1
 Concurrent Refinement Workers: 4
 Periodic GC: Disabled
Heap:
 garbage-first heap   total 106496K, used 30286K [0x00000000c0800000, 0x0000000100000000)
  region size 1024K, 16 young (16384K), 6 survivors (6144K)
 Metaspace       used 55374K, committed 55744K, reserved 1097728K
  class space    used 7305K, committed 7488K, reserved 1048576K
GC Heap History (20 events):
Event: 1.482 GC heap before
{Heap before GC invocations=4 (full 0):
 garbage-first heap   total 65536K, used 18479K [0x00000000c0800000, 0x0000000100000000)
  region size 1024K, 13 young (13312K), 3 survivors (3072K)
 Metaspace       used 21297K, committed 21504K, reserved 1073152K
  class space    used 2496K, committed 2624K, reserved 1048576K
}
Event: 1.485 GC heap after
{Heap after GC invocations=5 (full 0):
 garbage-first heap   total 65536K, used 9775K [0x00000000c0800000, 0x0000000100000000)
  region size 1024K, 3 young (3072K), 3 survivors (3072K)
 Metaspace       used 21297K, committed 21504K, reserved 1073152K
  class space    used 2496K, committed 2624K, reserved 1048576K
}
Event: 1.746 GC heap before
{Heap before GC invocations=6 (full 0):
 garbage-first heap   total 37888K, used 29231K [0x00000000c0800000, 0x0000000100000000)
  region size 1024K, 23 young (23552K), 3 survivors (3072K)
 Metaspace       used 24946K, committed 25216K, reserved 1073152K
  class space    used 3082K, committed 3200K, reserved 1048576K
}
Event: 1.751 GC heap after
{Heap after GC invocations=7 (full 0):
 garbage-first heap   total 37888K, used 11234K [0x00000000c0800000, 0x0000000100000000)
  region size 1024K, 4 young (4096K), 4 survivors (4096K)
 Metaspace       used 24946K, committed 25216K, reserved 1073152K
  class space    used 3082K, committed 3200K, reserved 1048576K
}
Event: 1.766 GC heap before
{Heap before GC invocations=7 (full 0):
 garbage-first heap   total 37888K, used 12258K [0x00000000c0800000, 0x0000000100000000)
  region size 1024K, 5 young (5120K), 4 survivors (4096K)
 Metaspace       used 25168K, committed 25472K, reserved 1073152K
  class space    used 3120K, committed 3264K, reserved 1048576K
}
Event: 1.770 GC heap after
{Heap after GC invocations=8 (full 0):
 garbage-first heap   total 67584K, used 11339K [0x00000000c0800000, 0x0000000100000000)
  region size 1024K, 1 young (1024K), 1 survivors (1024K)
 Metaspace       used 25168K, committed 25472K, reserved 1073152K
  class space    used 3120K, committed 3264K, reserved 1048576K
}
Event: 1.803 GC heap before
{Heap before GC invocations=8 (full 0):
 garbage-first heap   total 67584K, used 49227K [0x00000000c0800000, 0x0000000100000000)
  region size 1024K, 39 young (39936K), 1 survivors (1024K)
 Metaspace       used 25667K, committed 25984K, reserved 1073152K
  class space    used 3172K, committed 3328K, reserved 1048576K
}
Event: 1.804 GC heap after
{Heap after GC invocations=9 (full 0):
 garbage-first heap   total 67584K, used 11046K [0x00000000c0800000, 0x0000000100000000)
  region size 1024K, 1 young (1024K), 1 survivors (1024K)
 Metaspace       used 25667K, committed 25984K, reserved 1073152K
  class space    used 3172K, committed 3328K, reserved 1048576K
}
Event: 2.289 GC heap before
{Heap before GC invocations=9 (full 0):
 garbage-first heap   total 67584K, used 49958K [0x00000000c0800000, 0x0000000100000000)
  region size 1024K, 39 young (39936K), 1 survivors (1024K)
 Metaspace       used 30701K, committed 31040K, reserved 1081344K
  class space    used 3817K, committed 3968K, reserved 1048576K
}
Event: 2.291 GC heap after
{Heap after GC invocations=10 (full 0):
 garbage-first heap   total 67584K, used 12995K [0x00000000c0800000, 0x0000000100000000)
  region size 1024K, 3 young (3072K), 3 survivors (3072K)
 Metaspace       used 30701K, committed 31040K, reserved 1081344K
  class space    used 3817K, committed 3968K, reserved 1048576K
}
Event: 3.077 GC heap before
{Heap before GC invocations=10 (full 0):
 garbage-first heap   total 67584K, used 47811K [0x00000000c0800000, 0x0000000100000000)
  region size 1024K, 38 young (38912K), 3 survivors (3072K)
 Metaspace       used 35787K, committed 36160K, reserved 1081344K
  class space    used 4592K, committed 4736K, reserved 1048576K
}
Event: 3.083 GC heap after
{Heap after GC invocations=11 (full 0):
 garbage-first heap   total 67584K, used 16025K [0x00000000c0800000, 0x0000000100000000)
  region size 1024K, 5 young (5120K), 5 survivors (5120K)
 Metaspace       used 35787K, committed 36160K, reserved 1081344K
  class space    used 4592K, committed 4736K, reserved 1048576K
}
Event: 3.294 GC heap before
{Heap before GC invocations=12 (full 0):
 garbage-first heap   total 58368K, used 48793K [0x00000000c0800000, 0x0000000100000000)
  region size 1024K, 39 young (39936K), 5 survivors (5120K)
 Metaspace       used 37513K, committed 37888K, reserved 1089536K
  class space    used 4834K, committed 4992K, reserved 1048576K
}
Event: 3.300 GC heap after
{Heap after GC invocations=13 (full 0):
 garbage-first heap   total 58368K, used 17275K [0x00000000c0800000, 0x0000000100000000)
  region size 1024K, 2 young (2048K), 2 survivors (2048K)
 Metaspace       used 37513K, committed 37888K, reserved 1089536K
  class space    used 4834K, committed 4992K, reserved 1048576K
}
Event: 3.373 GC heap before
{Heap before GC invocations=13 (full 0):
 garbage-first heap   total 58368K, used 43899K [0x00000000c0800000, 0x0000000100000000)
  region size 1024K, 29 young (29696K), 2 survivors (2048K)
 Metaspace       used 37962K, committed 38336K, reserved 1089536K
  class space    used 4876K, committed 5056K, reserved 1048576K
}
Event: 3.375 GC heap after
{Heap after GC invocations=14 (full 0):
 garbage-first heap   total 58368K, used 17310K [0x00000000c0800000, 0x0000000100000000)
  region size 1024K, 2 young (2048K), 2 survivors (2048K)
 Metaspace       used 37962K, committed 38336K, reserved 1089536K
  class space    used 4876K, committed 5056K, reserved 1048576K
}
Event: 3.382 GC heap before
{Heap before GC invocations=14 (full 0):
 garbage-first heap   total 58368K, used 44958K [0x00000000c0800000, 0x0000000100000000)
  region size 1024K, 30 young (30720K), 2 survivors (2048K)
 Metaspace       used 37962K, committed 38336K, reserved 1089536K
  class space    used 4876K, committed 5056K, reserved 1048576K
}
Event: 3.384 GC heap after
{Heap after GC invocations=15 (full 0):
 garbage-first heap   total 106496K, used 17186K [0x00000000c0800000, 0x0000000100000000)
  region size 1024K, 2 young (2048K), 2 survivors (2048K)
 Metaspace       used 37962K, committed 38336K, reserved 1089536K
  class space    used 4876K, committed 5056K, reserved 1048576K
}
Event: 5.959 GC heap before
{Heap before GC invocations=15 (full 0):
 garbage-first heap   total 106496K, used 78626K [0x00000000c0800000, 0x0000000100000000)
  region size 1024K, 62 young (63488K), 2 survivors (2048K)
 Metaspace       used 52868K, committed 53184K, reserved 1097728K
  class space    used 6981K, committed 7104K, reserved 1048576K
}
Event: 5.966 GC heap after
{Heap after GC invocations=16 (full 0):
 garbage-first heap   total 106496K, used 21070K [0x00000000c0800000, 0x0000000100000000)
  region size 1024K, 6 young (6144K), 6 survivors (6144K)
 Metaspace       used 52868K, committed 53184K, reserved 1097728K
  class space    used 6981K, committed 7104K, reserved 1048576K
}

